2020-06-16T09:43:28.850Z - info: [main] Received possible protocol arguments: 2
2020-06-16T09:43:28.852Z - error: [main] Malformed launch arguments received: C:\Users\Default.DESKTOP-BKTR2EP\AppData\Local\GitHubDesktop\app-2.5.2\GitHubDesktop.exe,--squirrel-firstrun
2020-06-16T09:43:29.338Z - info: [ui] [AppStore] loading 0 repositories from store
2020-06-16T09:43:29.354Z - info: [ui] [Welcome] no sign in step found. ignoring...
2020-06-16T09:43:29.822Z - info: [ui] launching: 2.5.2 (Windows 10.0.18363)
2020-06-16T09:43:29.822Z - info: [ui] execPath: 'C:\Users\Default.DESKTOP-BKTR2EP\AppData\Local\GitHubDesktop\app-2.5.2\GitHubDesktop.exe'
2020-06-16T09:43:29.825Z - info: [ui] [Welcome] no sign in step found. ignoring...
2020-06-16T09:43:29.852Z - info: [ui] [Welcome] no sign in step found. ignoring...
2020-06-16T09:43:30.249Z - info: [ui] Opt in reported.
2020-06-16T09:43:30.611Z - info: [ui] Executing installGlobalLFSFilter: git lfs install --skip-repo (took 1.124s)
2020-06-16T09:43:45.315Z - info: [ui] [Welcome] advancing to step: SignInToDotComWithBrowser
2020-06-16T09:43:45.316Z - info: [ui] [SignInStore] initializing OAuth flow
2020-06-16T09:43:45.316Z - info: [main] opening in browser: https://github.com/login/oauth/authorize?client_id=de0e3c7e9973e1c4dd77&scope=repo%20user%20workflow&state=0a1753bf-98f3-45d2-8dcc-81f00c6977fc
2020-06-16T09:43:45.324Z - info: [ui] [Welcome] current sign in state not found. ignoring...
2020-06-16T09:43:45.474Z - info: [ui] [Welcome] kind Authentication is the same as Authentication. ignoring...
2020-06-16T09:44:02.218Z - info: [main] Received possible protocol arguments: 5
2020-06-16T09:44:02.219Z - info: [main] Processing protocol url
2020-06-16T09:44:02.231Z - info: [ui] [Dispatcher] requesting authenticated user
2020-06-16T09:44:02.235Z - info: [ui] [Welcome] kind Authentication is the same as Authentication. ignoring...
2020-06-16T09:44:02.297Z - info: [main] Received possible protocol arguments: 3
2020-06-16T09:44:02.297Z - info: [main] Processing protocol url
2020-06-16T09:44:03.338Z - info: [ui] [SignInStore] account resolved
2020-06-16T09:44:03.338Z - info: [ui] [AppStore] adding account caddywoof (caddywoof) to store
2020-06-16T09:44:03.354Z - info: [ui] [Welcome] advancing to step: ConfigureGit
2020-06-16T09:44:03.405Z - info: [ui] [Welcome] no sign in step found. ignoring...
2020-06-16T09:44:03.570Z - info: [ui] [Welcome] no sign in step found. ignoring...
2020-06-16T09:44:03.964Z - info: [ui] [Welcome] no sign in step found. ignoring...
2020-06-16T09:44:04.054Z - info: [ui] [Welcome] no sign in step found. ignoring...
2020-06-16T09:44:16.605Z - info: [ui] [Welcome] no sign in step found. ignoring...
2020-06-16T09:44:41.998Z - info: [ui] [Welcome] no sign in step found. ignoring...
2020-06-16T09:44:44.217Z - info: [ui] [Welcome] no sign in step found. ignoring...
2020-06-16T09:44:45.549Z - info: [ui] [Welcome] no sign in step found. ignoring...
2020-06-16T09:44:45.885Z - info: [ui] [Welcome] no sign in step found. ignoring...
2020-06-16T09:44:47.720Z - info: [ui] [Welcome] no sign in step found. ignoring...
2020-06-16T09:44:47.749Z - info: [ui] [Welcome] no sign in step found. ignoring...
2020-06-16T09:45:19.976Z - info: [ui] [Welcome] no sign in step found. ignoring...
2020-06-16T09:45:29.358Z - info: [ui] [Welcome] no sign in step found. ignoring...
2020-06-16T09:45:32.052Z - info: [ui] [Welcome] no sign in step found. ignoring...
2020-06-16T09:45:32.706Z - info: [ui] [Welcome] no sign in step found. ignoring...
2020-06-16T09:45:37.661Z - info: [ui] [Welcome] no sign in step found. ignoring...
2020-06-16T09:45:48.958Z - info: [ui] [Welcome] no sign in step found. ignoring...
2020-06-16T09:45:49.131Z - info: [ui] [Welcome] advancing to step: UsageOptOut
2020-06-16T09:45:56.611Z - info: [ui] Opt out reported.
